iCDB path: D:\ECE189Library\Templates\Layout\ECE189Template\keyin.icdb
File path: C:\Users\Josh\Downloads\Constraints.cts
Snapshot: PCB_Layout_Temp
Top block: PCB
iCDB engine version: ver.0.614 (build 293638 created 2008-05-30 11:42:36)
iCDB version: ver.1.002 (build 293638 created 2008-05-30 11:42:36)
File format version: 1.6
Importing...
Analyzing connectivity...
Warning: Cannot find PhysicalNet object 'F1'
Warning: Cannot find PhysicalNet object 'F2'
Warning: Cannot find PhysicalNet object 'I2'
Warning: Cannot find PhysicalNet object 'D2,G1'
Warning: Cannot find PhysicalNet object 'D1'
Warning: Cannot find PhysicalNet object 'I1'
Warning: Cannot find PhysicalNet object 'G2'
Warning: Cannot find PhysicalNet object 'H1'
Warning: Cannot find PhysicalNet object 'H2'
Warning: Cannot find PhysicalNet object 'C1'
Warning: Cannot find PhysicalNet object '$1N180'
Warning: Cannot find PhysicalNet object 'B1'
Warning: Cannot find PhysicalNet object 'B2'
Warning: Cannot find PhysicalNet object 'A1'
Warning: Cannot find PhysicalNet object 'A2'
Warning: Cannot find PhysicalNet object 'VCC'
Warning: Cannot find PhysicalNet object 'GND'
Warning: Cannot find PhysicalNet object 'J1'
Warning: Cannot find PhysicalNet object 'J2'
Warning: Cannot find PhysicalNet object 'J3'
Warning: Cannot find PhysicalNet object 'J4'
Warning: Cannot find PhysicalNet object 'VDD'
Warning: Cannot find PhysicalNet object '$1N172'
Warning: Cannot find PhysicalNet object '$1N174'
Warning: Cannot find PhysicalNet object '$1N176'
Warning: Cannot find PhysicalNet object 'C2'
Warning: Cannot find PhysicalNet object '$1N182'
Warning: Cannot find PhysicalNet object '$1N184'
Warning: Cannot find PhysicalNet object '$1N186'
Importing constraints...
Warning: Cannot find ElectricalNet object 'F1'
Warning: Cannot find PhysicalNet object 'F1'
Warning: Cannot find ElectricalNet object 'F2'
Warning: Cannot find PhysicalNet object 'F2'
Warning: Cannot find ElectricalNet object 'I2'
Warning: Cannot find PhysicalNet object 'I2'
Warning: Cannot find ElectricalNet object 'D2,G1'
Warning: Cannot find PhysicalNet object 'D2,G1'
Warning: Cannot find ElectricalNet object 'D1'
Warning: Cannot find PhysicalNet object 'D1'
Warning: Cannot find ElectricalNet object 'I1'
Warning: Cannot find PhysicalNet object 'I1'
Warning: Cannot find ElectricalNet object 'G2'
Warning: Cannot find PhysicalNet object 'G2'
Warning: Cannot find ElectricalNet object 'H1'
Warning: Cannot find PhysicalNet object 'H1'
Warning: Cannot find ElectricalNet object 'H2'
Warning: Cannot find PhysicalNet object 'H2'
Warning: Cannot find ElectricalNet object 'C1'
Warning: Cannot find PhysicalNet object 'C1'
Warning: Cannot find ElectricalNet object '$1N180'
Warning: Cannot find PhysicalNet object '$1N180'
Warning: Cannot find ElectricalNet object 'B1'
Warning: Cannot find PhysicalNet object 'B1'
Warning: Cannot find ElectricalNet object 'B2'
Warning: Cannot find PhysicalNet object 'B2'
Warning: Cannot find ElectricalNet object 'A1'
Warning: Cannot find PhysicalNet object 'A1'
Warning: Cannot find ElectricalNet object 'A2'
Warning: Cannot find PhysicalNet object 'A2'
Warning: Cannot find ElectricalNet object 'VCC'
Warning: Cannot find PhysicalNet object 'VCC'
Warning: Cannot find ElectricalNet object 'GND'
Warning: Cannot find PhysicalNet object 'GND'
Warning: Cannot find ElectricalNet object 'J1'
Warning: Cannot find PhysicalNet object 'J1'
Warning: Cannot find ElectricalNet object 'J2'
Warning: Cannot find PhysicalNet object 'J2'
Warning: Cannot find ElectricalNet object 'J3'
Warning: Cannot find PhysicalNet object 'J3'
Warning: Cannot find ElectricalNet object 'J4'
Warning: Cannot find PhysicalNet object 'J4'
Warning: Cannot find ElectricalNet object 'VDD'
Warning: Cannot find PhysicalNet object 'VDD'
Warning: Cannot find ElectricalNet object '$1N172'
Warning: Cannot find PhysicalNet object '$1N172'
Warning: Cannot find ElectricalNet object '$1N174'
Warning: Cannot find PhysicalNet object '$1N174'
Warning: Cannot find ElectricalNet object '$1N176'
Warning: Cannot find PhysicalNet object '$1N176'
Warning: Cannot find ElectricalNet object 'C2'
Warning: Cannot find PhysicalNet object 'C2'
Warning: Cannot find ElectricalNet object '$1N182'
Warning: Cannot find PhysicalNet object '$1N182'
Warning: Cannot find ElectricalNet object '$1N184'
Warning: Cannot find PhysicalNet object '$1N184'
Warning: Cannot find ElectricalNet object '$1N186'
Warning: Cannot find PhysicalNet object '$1N186'
Warning: Cannot find Part object 'MAX-MAX232AEWE'
Warning: Cannot find Part object 'JST-B4B-ZR'
Warning: Cannot find Part object 'DIA-521-9464'
Warning: Cannot find Part object 'AVX-SR211A101JT'
Warning: Cannot find Part object 'New'
Running full eNetGen update...
Import finished with warning(s).
Total time: 0 hours 0 minutes 1 seconds
