Environment Variables:

ALLUSERSPROFILE=C:\ProgramData
AMPLE_PATH=C:\MentorGraphics\2007EE\SDD_HOME\hssd\analysis\lib\qexp\mgc\userware
APPDATA=C:\Users\Josh\AppData\Roaming
CommonProgramFiles=C:\Program Files\Common Files
COMPUTERNAME=AZUDAS
ComSpec=C:\Windows\system32\cmd.exe
CURCONFIGNAME=PCB
CURDESIGNNAME=PCB_Layout_Temp
CURPROJNAME=
CURPROJPATH=
DRC_SITE_DIR=C:\MentorGraphics\2007EE\SDD_HOME\hssd\quietexpert\drc\standard
DRC_UMR_DIR=C:\MentorGraphics\2007EE\SDD_HOME\hssd\quietexpert\drc\umr
DX_ROOT=C:\MentorGraphics\2007EE\SDD_HOME\sim\DxSim\
ELDO_FLOW=sim
epdarglist=/PrjPath "D:\ECE189Library\Templates\Layout\ECE189Template\ECE189Template.prj" /SnapshotName "PCB_Layout_Temp" /TopBlockName "PCB" /Context ExpeditionPCB
FP_NO_HOST_CHECK=NO
HOMEDRIVE=C:
HOMEPATH=\Users\Josh
LM_LICENSE_FILE=1717@license.engr.ucsb.edu
LOCALAPPDATA=C:\Users\Josh\AppData\Local
LOGONSERVER=\\AZUDAS
MGC_HOME=C:/MentorGraphics/2007EE/MGC_HOME.ixn
MGC_HOMEBS=C:\MentorGraphics\2007EE\MGC_HOME.ixn
MGC_PCB_FILE_PATH_FOR_ICDB_DESIGN=D:\ECE189Library\Templates\Layout\ECE189Template\ECE189Template.pcb
NUMBER_OF_PROCESSORS=2
OnlineServices=Online Services
OrcadFA_Path=C:\MentorGraphics\2007EE\SDD_HOME\wg\win32\bin
OS=Windows_NT
Path=C:\MentorGraphics\2007EE\SDD_HOME\xe\win32\lib;C:\MentorGraphics\2007EE\SDD_HOME\wg\win32\lib;C:\MentorGraphics\2007EE\SDD_HOME\common\win32\bin;C:\MentorGraphics\2007EE\SDD_HOME\common\win32\lib;C:\Windows\system32;C:\Windows;C:\Windows\System32\Wbem;C:\Program Files\Common Files\Roxio Shared\DLLShared\;C:\Program Files\Common Files\Roxio Shared\DLLShared\;C:\Program Files\Common Files\Roxio Shared\9.0\DLLShared\;C:/MentorGraphics/2007EE/MGC_HOME.ixn/bin;C:/MentorGraphics/2007EE/MGC_HOME.ixn/lib;C:\MentorGraphics\2007EE\MGC_HOME.ixn\bin;C:\MentorGraphics\2007EE\MGC_HOME.ixn\lib; C:\Users\Josh\Documents\Remote_Linux_connect_tools\putty.exe; C:\Users\Josh\Documents\Remote_Linux_connect_tools\pscp.exe
PATHEXT=.COM;.EXE;.BAT;.CMD;.VBS;.VBE;.JS;.JSE;.WSF;.WSH;.MSC
PCBRAND=Pavilion
PLATFORM=MCD
PROCESSOR_ARCHITECTURE=x86
PROCESSOR_IDENTIFIER=x86 Family 6 Model 15 Stepping 6, GenuineIntel
PROCESSOR_LEVEL=6
PROCESSOR_REVISION=0f06
ProgramData=C:\ProgramData
ProgramFiles=C:\Program Files
PROMPT=$P$G
pscp=C:\Users\Josh\Documents\Remote_Linux_connect_tools\pscp.exe
PUBLIC=C:\Users\Public
Putty=C:\Users\Josh\Documents\Remote_Linux_connect_tools\putty.exe
QUADBIN=C:\MentorGraphics\2007EE\SDD_HOME\hssd\analysis\exec\nt_4
QUADHOME=C:\MentorGraphics\2007EE\SDD_HOME\hssd\analysis
RoxioCentral=C:\Program Files\Common Files\Roxio Shared\9.0\Roxio Central33\
SDD_CES=ces
SDD_CES_BIN=C:\MentorGraphics\2007EE\SDD_HOME\ces\win32\bin
SDD_COMMON_BIN=C:\MentorGraphics\2007EE\SDD_HOME\common\win32\bin
SDD_DX=dx
SDD_DXSIM=dxsim
SDD_HOME=C:\MentorGraphics\2007EE\SDD_HOME
SDD_HSSD=hssd
SDD_ICDB=iCDB
SDD_JAVA_HOME=C:/MentorGraphics/2007EE/MGC_HOME.ixn\pkgs\icwave.ixn\jre\j2re1.4.2_10\bin\javaw.exe
SDD_LM=lm
SDD_LM_BIN=C:\MentorGraphics\2007EE\SDD_HOME\lm\win32\bin
SDD_LOCAL=C:\ProgramData\mgc\2007EE
SDD_MGC_HOME=..\MGC_HOME.ixn
SDD_PCBIND=pcbind
SDD_PLATFORM=win32
SDD_QE=qe
SDD_RF=rf
SDD_SIM=sim
SDD_START=start
SDD_STARTBAT=start /b /wait
SDD_VERSION=2007EE
SDD_VIEWER_HOME=C:/MentorGraphics/2007EE/MGC_HOME.ixn\lib
SDD_VLPERL_BIN=C:\MentorGraphics\2007EE\SDD_HOME\common\win32\perl\bin
SDD_WDBSERVER_HOME=C:/MentorGraphics/2007EE/MGC_HOME.ixn\lib
SDD_WG=wg
SDD_WV=wv
SDD_XE=xe
SELPROJ=
SESSIONNAME=Console
SystemDrive=C:
SystemRoot=C:\Windows
TEMP=C:\Users\Josh\AppData\Local\Temp
TMP=C:\Users\Josh\AppData\Local\Temp
USERDOMAIN=Azudas
USERNAME=Josh
USERPROFILE=C:\Users\Josh
WDIR=D:\MentorGraphics\WDIR;C:\MentorGraphics\2007EE\SDD_HOME\standard
WF_CLASSPATH=C:\MentorGraphics\2007EE\SDD_HOME\common\win32\lib
windir=C:\Windows
