Import Layout Template.
Mentor Graphics Corporation 2007. All Rights Reserved.

-prj: D:\TestProject\ECE189Template\ECE189Template.prj
-sn: DxD
-topblock: Schematic1
-LT: 4 Layer Template
-log: D:\TestProject\ECE189Template\PCB\LogFiles\LT_Import.log

ConsReuse: Copy Layout Template
Source database:
	path: D:\ECE189Library\\Templates\Layout\4 Layer Template/keyin.icdb
	snapshot name: PCB
	topblock name: PCB
Target database:
	path: D:\TestProject\ECE189Template\database
	snapshot name: DxD
	topblock name: Schematic1

Importing Layout Template ...
Importing general clearances ...
	Skip add constraint (name: CMH2MH) - default value
	Skip add constraint (name: CMH2NC) - default value
	Skip add constraint (name: CMH2PC) - default value
	Skip add constraint (name: PLCOUT2PLCOUT) - default value
	Skip add constraint (name: PLCOUT2PLCOB) - default value
	Skip add constraint (name: PLCOUT2BRDEDGE) - default value
	Skip add constraint (name: TRACE2RESISTOR) - default value
	Skip add constraint (name: PAD2RESISTOR) - default value
	Skip add constraint (name: TPCENTER2TPCENTER) - default value
General clearances imported.
Importing layers ...
	Layer 'DIELECTRIC_1' added.
	Constraint added. Name: LAYER_DESC, value: Solder_Mask
	Constraint added. Name: LAYER_USAGE, value: Substrate
	Skip add constraint (name: LAYER_TECH) - default value
	Constraint added. Name: HEIGHT, value: 76200.000000000000000
	Constraint added. Name: DIELCONST, value: 1.000000000000000
	Skip add constraint (name: EXTRACTED_DIELECTRIC) - default value
	Skip add constraint (name: CONDUCTOR) - default value
	Skip add constraint (name: LAYER_ENABLED) - default value
	Skip add constraint (name: DIRECTIONAL_BIAS) - default value
	Layer 'SIGNAL_1' added.
	Constraint added. Name: LAYER_DESC, value: Microstrip
	Constraint added. Name: LAYER_USAGE, value: Signal
	Skip add constraint (name: LAYER_TECH) - default value
	Constraint added. Name: HEIGHT, value: 17780.000000000000000
	Skip add constraint (name: DIELCONST) - default value
	Skip add constraint (name: EXTRACTED_DIELECTRIC) - default value
	Skip add constraint (name: CONDUCTOR) - default value
	Constraint added. Name: BULK_RES, value: 0.000000017240000
	Constraint added. Name: LAYER_PAIR, value: 4
	Skip add constraint (name: LAYER_ENABLED) - default value
	Constraint added. Name: LAYER_DIFFPAIR, value: 1
	Skip add constraint (name: DIRECTIONAL_BIAS) - default value
	Layer 'DIELECTRIC_3' added.
	Constraint added. Name: LAYER_DESC, value: Core/Pre-preg
	Constraint added. Name: LAYER_USAGE, value: Substrate
	Skip add constraint (name: LAYER_TECH) - default value
	Constraint added. Name: HEIGHT, value: 508000.000000000000000
	Constraint added. Name: DIELCONST, value: 4.700000000000000
	Skip add constraint (name: EXTRACTED_DIELECTRIC) - default value
	Skip add constraint (name: CONDUCTOR) - default value
	Skip add constraint (name: LAYER_ENABLED) - default value
	Skip add constraint (name: DIRECTIONAL_BIAS) - default value
	Layer 'SIGNAL_2' added.
	Constraint added. Name: LAYER_DESC, value: Plane
	Constraint added. Name: LAYER_USAGE, value: Signal
	Skip add constraint (name: LAYER_TECH) - default value
	Constraint added. Name: HEIGHT, value: 17780.000000000000000
	Skip add constraint (name: DIELCONST) - default value
	Skip add constraint (name: EXTRACTED_DIELECTRIC) - default value
	Skip add constraint (name: CONDUCTOR) - default value
	Constraint added. Name: BULK_RES, value: 0.000000017240000
	Constraint added. Name: LAYER_PAIR, value: 3
	Skip add constraint (name: LAYER_ENABLED) - default value
	Constraint added. Name: LAYER_DIFFPAIR, value: 2
	Constraint added. Name: DIRECTIONAL_BIAS, value: VERTICAL
	Layer 'DIELECTRIC_5' added.
	Constraint added. Name: LAYER_DESC, value: Core/Pre-preg
	Constraint added. Name: LAYER_USAGE, value: Substrate
	Skip add constraint (name: LAYER_TECH) - default value
	Constraint added. Name: HEIGHT, value: 508000.000000000000000
	Constraint added. Name: DIELCONST, value: 4.700000000000000
	Skip add constraint (name: EXTRACTED_DIELECTRIC) - default value
	Skip add constraint (name: CONDUCTOR) - default value
	Skip add constraint (name: LAYER_ENABLED) - default value
	Skip add constraint (name: DIRECTIONAL_BIAS) - default value
	Layer 'SIGNAL_3' added.
	Constraint added. Name: LAYER_DESC, value: Plane
	Constraint added. Name: LAYER_USAGE, value: Signal
	Skip add constraint (name: LAYER_TECH) - default value
	Constraint added. Name: HEIGHT, value: 17780.000000000000000
	Skip add constraint (name: DIELCONST) - default value
	Skip add constraint (name: EXTRACTED_DIELECTRIC) - default value
	Skip add constraint (name: CONDUCTOR) - default value
	Constraint added. Name: BULK_RES, value: 0.000000017240000
	Constraint added. Name: LAYER_PAIR, value: 2
	Skip add constraint (name: LAYER_ENABLED) - default value
	Constraint added. Name: LAYER_DIFFPAIR, value: 3
	Skip add constraint (name: DIRECTIONAL_BIAS) - default value
	Layer 'DIELECTRIC_7' added.
	Constraint added. Name: LAYER_DESC, value: Core/Pre-preg
	Constraint added. Name: LAYER_USAGE, value: Substrate
	Skip add constraint (name: LAYER_TECH) - default value
	Constraint added. Name: HEIGHT, value: 508000.000000000000000
	Constraint added. Name: DIELCONST, value: 4.700000000000000
	Skip add constraint (name: EXTRACTED_DIELECTRIC) - default value
	Skip add constraint (name: CONDUCTOR) - default value
	Skip add constraint (name: LAYER_ENABLED) - default value
	Skip add constraint (name: DIRECTIONAL_BIAS) - default value
	Layer 'SIGNAL_4' added.
	Constraint added. Name: LAYER_DESC, value: Microstrip
	Constraint added. Name: LAYER_USAGE, value: Signal
	Skip add constraint (name: LAYER_TECH) - default value
	Constraint added. Name: HEIGHT, value: 17780.000000000000000
	Skip add constraint (name: DIELCONST) - default value
	Skip add constraint (name: EXTRACTED_DIELECTRIC) - default value
	Skip add constraint (name: CONDUCTOR) - default value
	Constraint added. Name: BULK_RES, value: 0.000000017240000
	Constraint added. Name: LAYER_PAIR, value: 1
	Skip add constraint (name: LAYER_ENABLED) - default value
	Constraint added. Name: LAYER_DIFFPAIR, value: 4
	Constraint added. Name: DIRECTIONAL_BIAS, value: VERTICAL
	Layer 'DIELECTRIC_9' added.
	Constraint added. Name: LAYER_DESC, value: Solder_Mask
	Constraint added. Name: LAYER_USAGE, value: Substrate
	Skip add constraint (name: LAYER_TECH) - default value
	Constraint added. Name: HEIGHT, value: 76200.000000000000000
	Constraint added. Name: DIELCONST, value: 1.000000000000000
	Skip add constraint (name: EXTRACTED_DIELECTRIC) - default value
	Skip add constraint (name: CONDUCTOR) - default value
	Skip add constraint (name: LAYER_ENABLED) - default value
	Skip add constraint (name: DIRECTIONAL_BIAS) - default value
Layers imported.
Importing clearance rules ...
Clearance rules imported.
Importing net classes ...
Net classes imported.
Importing vias ...
	Via '026VIA' added.
Vias imported.
Importing via spans ...
	Constraint added. Name: DEFAULT_VIA, value: 026VIA
Via spans imported.
Importing schemes ...
	Skip add constraint (name: VIA_ASSIGN) - default value
	Skip add constraint (name: ROUTE) - default value
	Skip add constraint (name: MIN_TRACE_WIDTH) - default value
	Skip add constraint (name: TYP_TRACE_WIDTH) - default value
	Skip add constraint (name: EXP_TRACE_WIDTH) - default value
	Skip add constraint (name: DIFF_SPACING) - default value
	Constraint added. Name: NET_CLASS_VIA, value: 026VIA
	Skip add constraint (name: ROUTE) - default value
	Skip add constraint (name: MIN_TRACE_WIDTH) - default value
	Skip add constraint (name: TYP_TRACE_WIDTH) - default value
	Skip add constraint (name: EXP_TRACE_WIDTH) - default value
	Constraint added. Name: TYP_IMPEDANCE, value: 50.000000000000000
	Skip add constraint (name: DIFF_SPACING) - default value
	Skip add constraint (name: ROUTE) - default value
	Skip add constraint (name: MIN_TRACE_WIDTH) - default value
	Skip add constraint (name: TYP_TRACE_WIDTH) - default value
	Skip add constraint (name: EXP_TRACE_WIDTH) - default value
	Constraint added. Name: TYP_IMPEDANCE, value: 50.000000000000000
	Skip add constraint (name: DIFF_SPACING) - default value
	Skip add constraint (name: ROUTE) - default value
	Skip add constraint (name: MIN_TRACE_WIDTH) - default value
	Skip add constraint (name: TYP_TRACE_WIDTH) - default value
	Skip add constraint (name: EXP_TRACE_WIDTH) - default value
	Constraint added. Name: TYP_IMPEDANCE, value: 50.000000000000000
	Skip add constraint (name: DIFF_SPACING) - default value
	Skip add constraint (name: ROUTE) - default value
	Skip add constraint (name: MIN_TRACE_WIDTH) - default value
	Skip add constraint (name: TYP_TRACE_WIDTH) - default value
	Skip add constraint (name: EXP_TRACE_WIDTH) - default value
	Constraint added. Name: TYP_IMPEDANCE, value: 50.000000000000000
	Skip add constraint (name: DIFF_SPACING) - default value
	Skip add constraint (name: TRACE_TO_TRACE) - default value
	Skip add constraint (name: TRACE_TO_PAD) - default value
	Skip add constraint (name: TRACE_TO_VIA) - default value
	Skip add constraint (name: TRACE_TO_PLANE) - default value
	Skip add constraint (name: SMDPAD_TO_TRACE) - default value
	Skip add constraint (name: PAD_TO_PAD) - default value
	Skip add constraint (name: PAD_TO_VIA) - default value
	Skip add constraint (name: PAD_TO_PLANE) - default value
	Skip add constraint (name: VIA_TO_VIA) - default value
	Skip add constraint (name: VIA_TO_PLANE) - default value
	Skip add constraint (name: SMDPAD_TO_VIA) - default value
	Skip add constraint (name: PLANE_TO_PLANE) - default value
	Skip add constraint (name: RESISTOR_TO_TRACE) - default value
	Skip add constraint (name: RESISTOR_TO_PAD) - default value
	Skip add constraint (name: RESISTOR_TO_VIA) - default value
	Skip add constraint (name: RESISTOR_TO_RESISTOR) - default value
	Skip add constraint (name: MASK_TO_TRACE) - default value
	Skip add constraint (name: MASK_TO_PAD) - default value
	Skip add constraint (name: MASK_TO_VIA) - default value
	Skip add constraint (name: MASK_TO_RESISTOR) - default value
	Skip add constraint (name: TRACE_TO_TRACE) - default value
	Skip add constraint (name: TRACE_TO_PAD) - default value
	Skip add constraint (name: TRACE_TO_VIA) - default value
	Skip add constraint (name: TRACE_TO_PLANE) - default value
	Skip add constraint (name: SMDPAD_TO_TRACE) - default value
	Skip add constraint (name: PAD_TO_PAD) - default value
	Skip add constraint (name: PAD_TO_VIA) - default value
	Skip add constraint (name: PAD_TO_PLANE) - default value
	Skip add constraint (name: VIA_TO_VIA) - default value
	Skip add constraint (name: VIA_TO_PLANE) - default value
	Skip add constraint (name: SMDPAD_TO_VIA) - default value
	Skip add constraint (name: PLANE_TO_PLANE) - default value
	Skip add constraint (name: RESISTOR_TO_TRACE) - default value
	Skip add constraint (name: RESISTOR_TO_PAD) - default value
	Skip add constraint (name: RESISTOR_TO_VIA) - default value
	Skip add constraint (name: RESISTOR_TO_RESISTOR) - default value
	Skip add constraint (name: MASK_TO_TRACE) - default value
	Skip add constraint (name: MASK_TO_PAD) - default value
	Skip add constraint (name: MASK_TO_VIA) - default value
	Skip add constraint (name: MASK_TO_RESISTOR) - default value
	Skip add constraint (name: TRACE_TO_TRACE) - default value
	Skip add constraint (name: TRACE_TO_PAD) - default value
	Skip add constraint (name: TRACE_TO_VIA) - default value
	Skip add constraint (name: TRACE_TO_PLANE) - default value
	Skip add constraint (name: SMDPAD_TO_TRACE) - default value
	Skip add constraint (name: PAD_TO_PAD) - default value
	Skip add constraint (name: PAD_TO_VIA) - default value
	Skip add constraint (name: PAD_TO_PLANE) - default value
	Skip add constraint (name: VIA_TO_VIA) - default value
	Skip add constraint (name: VIA_TO_PLANE) - default value
	Skip add constraint (name: SMDPAD_TO_VIA) - default value
	Skip add constraint (name: PLANE_TO_PLANE) - default value
	Skip add constraint (name: RESISTOR_TO_TRACE) - default value
	Skip add constraint (name: RESISTOR_TO_PAD) - default value
	Skip add constraint (name: RESISTOR_TO_VIA) - default value
	Skip add constraint (name: RESISTOR_TO_RESISTOR) - default value
	Skip add constraint (name: MASK_TO_TRACE) - default value
	Skip add constraint (name: MASK_TO_PAD) - default value
	Skip add constraint (name: MASK_TO_VIA) - default value
	Skip add constraint (name: MASK_TO_RESISTOR) - default value
	Skip add constraint (name: TRACE_TO_TRACE) - default value
	Skip add constraint (name: TRACE_TO_PAD) - default value
	Skip add constraint (name: TRACE_TO_VIA) - default value
	Skip add constraint (name: TRACE_TO_PLANE) - default value
	Skip add constraint (name: SMDPAD_TO_TRACE) - default value
	Skip add constraint (name: PAD_TO_PAD) - default value
	Skip add constraint (name: PAD_TO_VIA) - default value
	Skip add constraint (name: PAD_TO_PLANE) - default value
	Skip add constraint (name: VIA_TO_VIA) - default value
	Skip add constraint (name: VIA_TO_PLANE) - default value
	Skip add constraint (name: SMDPAD_TO_VIA) - default value
	Skip add constraint (name: PLANE_TO_PLANE) - default value
	Skip add constraint (name: RESISTOR_TO_TRACE) - default value
	Skip add constraint (name: RESISTOR_TO_PAD) - default value
	Skip add constraint (name: RESISTOR_TO_VIA) - default value
	Skip add constraint (name: RESISTOR_TO_RESISTOR) - default value
	Skip add constraint (name: MASK_TO_TRACE) - default value
	Skip add constraint (name: MASK_TO_PAD) - default value
	Skip add constraint (name: MASK_TO_VIA) - default value
	Skip add constraint (name: MASK_TO_RESISTOR) - default value
	Skip add constraint (name: TRACE_TO_TRACE) - default value
	Skip add constraint (name: TRACE_TO_PAD) - default value
	Skip add constraint (name: TRACE_TO_VIA) - default value
	Skip add constraint (name: TRACE_TO_PLANE) - default value
	Skip add constraint (name: SMDPAD_TO_TRACE) - default value
	Skip add constraint (name: PAD_TO_PAD) - default value
	Skip add constraint (name: PAD_TO_VIA) - default value
	Skip add constraint (name: PAD_TO_PLANE) - default value
	Skip add constraint (name: VIA_TO_VIA) - default value
	Skip add constraint (name: VIA_TO_PLANE) - default value
	Skip add constraint (name: SMDPAD_TO_VIA) - default value
	Skip add constraint (name: PLANE_TO_PLANE) - default value
	Skip add constraint (name: RESISTOR_TO_TRACE) - default value
	Skip add constraint (name: RESISTOR_TO_PAD) - default value
	Skip add constraint (name: RESISTOR_TO_VIA) - default value
	Skip add constraint (name: RESISTOR_TO_RESISTOR) - default value
	Skip add constraint (name: MASK_TO_TRACE) - default value
	Skip add constraint (name: MASK_TO_PAD) - default value
	Skip add constraint (name: MASK_TO_VIA) - default value
	Skip add constraint (name: MASK_TO_RESISTOR) - default value
Schemes imported.
Importing constraint classes ...
	Constraint added. Name: ANALOG, value: 0
	Constraint added. Name: BUS, value: 0
	Skip add constraint (name: PCLASS) - default value
	Skip add constraint (name: ORDER_TYPE) - default value
	Skip add constraint (name: STUB_LENGTH) - default value
	Skip add constraint (name: DELAY_TYPE) - default value
	Constraint added. Name: SIM_SETTINGS, value: Default
	Constraint added. Name: SIM_STIM, value: Default
	Skip add constraint (name: SIM_DELAY_TYPE) - default value
Constraint classes imported.
Importing part tech ...
Part tech imported.
Importing constants & variables ...
Constants & variables imported.
Importing C2CClearRule ...
	Constraint added. Name: C2C_SCHEME, value: (Master)
	Constraint added. Name: C2C_FRCLASS, value: (All)
	Constraint added. Name: C2C_TOCLASS, value: (All)
	Constraint added. Name: C2C_RULE, value: (Default Rule)
	Skip add constraint (name: C2C_RULE_TYPE) - default value
	Skip add constraint (name: C2C_ZAXIS_LAYER_DEPTH) - default value
	Constraint added. Name: C2C_SCHEME, value: (Minimum)
	Constraint added. Name: C2C_FRCLASS, value: (All)
	Constraint added. Name: C2C_TOCLASS, value: (All)
	Constraint added. Name: C2C_RULE, value: (Default Rule)
	Skip add constraint (name: C2C_RULE_TYPE) - default value
	Skip add constraint (name: C2C_ZAXIS_LAYER_DEPTH) - default value
C2CClearRule imported.
Importing PkgTypeClearRule ...
	Skip add constraint (name: TYP_TRACE_WIDTH) - default value
	Skip add constraint (name: MIN_TRACE_WIDTH) - default value
	Skip add constraint (name: EXP_TRACE_WIDTH) - default value
	Skip add constraint (name: DIFF_SPACING) - default value
	Skip add constraint (name: ROUTE) - default value
	Skip add constraint (name: TYP_TRACE_WIDTH) - default value
	Constraint added. Name: TYP_IMPEDANCE, value: 50.000000
	Skip add constraint (name: MIN_TRACE_WIDTH) - default value
	Skip add constraint (name: EXP_TRACE_WIDTH) - default value
	Skip add constraint (name: DIFF_SPACING) - default value
	Skip add constraint (name: ROUTE) - default value
	Skip add constraint (name: TYP_TRACE_WIDTH) - default value
	Constraint added. Name: TYP_IMPEDANCE, value: 50.000000
	Skip add constraint (name: MIN_TRACE_WIDTH) - default value
	Skip add constraint (name: EXP_TRACE_WIDTH) - default value
	Skip add constraint (name: DIFF_SPACING) - default value
	Skip add constraint (name: ROUTE) - default value
	Skip add constraint (name: TYP_TRACE_WIDTH) - default value
	Constraint added. Name: TYP_IMPEDANCE, value: 50.000000
	Skip add constraint (name: MIN_TRACE_WIDTH) - default value
	Skip add constraint (name: EXP_TRACE_WIDTH) - default value
	Skip add constraint (name: DIFF_SPACING) - default value
	Skip add constraint (name: ROUTE) - default value
	Skip add constraint (name: TYP_TRACE_WIDTH) - default value
	Constraint added. Name: TYP_IMPEDANCE, value: 50.000000
	Skip add constraint (name: MIN_TRACE_WIDTH) - default value
	Skip add constraint (name: EXP_TRACE_WIDTH) - default value
	Skip add constraint (name: DIFF_SPACING) - default value
	Skip add constraint (name: ROUTE) - default value
	Skip add constraint (name: VIA_TO_VIA) - default value
	Skip add constraint (name: VIA_TO_PLANE) - default value
	Skip add constraint (name: TRACE_TO_VIA) - default value
	Skip add constraint (name: TRACE_TO_TRACE) - default value
	Skip add constraint (name: TRACE_TO_PLANE) - default value
	Skip add constraint (name: TRACE_TO_PAD) - default value
	Skip add constraint (name: SMDPAD_TO_VIA) - default value
	Skip add constraint (name: SMDPAD_TO_TRACE) - default value
	Skip add constraint (name: RESISTOR_TO_VIA) - default value
	Skip add constraint (name: RESISTOR_TO_TRACE) - default value
	Skip add constraint (name: RESISTOR_TO_RESISTOR) - default value
	Skip add constraint (name: RESISTOR_TO_PAD) - default value
	Skip add constraint (name: PLANE_TO_PLANE) - default value
	Skip add constraint (name: PAD_TO_VIA) - default value
	Skip add constraint (name: PAD_TO_PLANE) - default value
	Skip add constraint (name: PAD_TO_PAD) - default value
	Skip add constraint (name: MASK_TO_VIA) - default value
	Skip add constraint (name: MASK_TO_TRACE) - default value
	Skip add constraint (name: MASK_TO_RESISTOR) - default value
	Skip add constraint (name: MASK_TO_PAD) - default value
	Skip add constraint (name: VIA_TO_VIA) - default value
	Skip add constraint (name: VIA_TO_PLANE) - default value
	Skip add constraint (name: TRACE_TO_VIA) - default value
	Skip add constraint (name: TRACE_TO_TRACE) - default value
	Skip add constraint (name: TRACE_TO_PLANE) - default value
	Skip add constraint (name: TRACE_TO_PAD) - default value
	Skip add constraint (name: SMDPAD_TO_VIA) - default value
	Skip add constraint (name: SMDPAD_TO_TRACE) - default value
	Skip add constraint (name: RESISTOR_TO_VIA) - default value
	Skip add constraint (name: RESISTOR_TO_TRACE) - default value
	Skip add constraint (name: RESISTOR_TO_RESISTOR) - default value
	Skip add constraint (name: RESISTOR_TO_PAD) - default value
	Skip add constraint (name: PLANE_TO_PLANE) - default value
	Skip add constraint (name: PAD_TO_VIA) - default value
	Skip add constraint (name: PAD_TO_PLANE) - default value
	Skip add constraint (name: PAD_TO_PAD) - default value
	Skip add constraint (name: MASK_TO_VIA) - default value
	Skip add constraint (name: MASK_TO_TRACE) - default value
	Skip add constraint (name: MASK_TO_RESISTOR) - default value
	Skip add constraint (name: MASK_TO_PAD) - default value
	Skip add constraint (name: VIA_TO_VIA) - default value
	Skip add constraint (name: VIA_TO_PLANE) - default value
	Skip add constraint (name: TRACE_TO_VIA) - default value
	Skip add constraint (name: TRACE_TO_TRACE) - default value
	Skip add constraint (name: TRACE_TO_PLANE) - default value
	Skip add constraint (name: TRACE_TO_PAD) - default value
	Skip add constraint (name: SMDPAD_TO_VIA) - default value
	Skip add constraint (name: SMDPAD_TO_TRACE) - default value
	Skip add constraint (name: RESISTOR_TO_VIA) - default value
	Skip add constraint (name: RESISTOR_TO_TRACE) - default value
	Skip add constraint (name: RESISTOR_TO_RESISTOR) - default value
	Skip add constraint (name: RESISTOR_TO_PAD) - default value
	Skip add constraint (name: PLANE_TO_PLANE) - default value
	Skip add constraint (name: PAD_TO_VIA) - default value
	Skip add constraint (name: PAD_TO_PLANE) - default value
	Skip add constraint (name: PAD_TO_PAD) - default value
	Skip add constraint (name: MASK_TO_VIA) - default value
	Skip add constraint (name: MASK_TO_TRACE) - default value
	Skip add constraint (name: MASK_TO_RESISTOR) - default value
	Skip add constraint (name: MASK_TO_PAD) - default value
	Skip add constraint (name: VIA_TO_VIA) - default value
	Skip add constraint (name: VIA_TO_PLANE) - default value
	Skip add constraint (name: TRACE_TO_VIA) - default value
	Skip add constraint (name: TRACE_TO_TRACE) - default value
	Skip add constraint (name: TRACE_TO_PLANE) - default value
	Skip add constraint (name: TRACE_TO_PAD) - default value
	Skip add constraint (name: SMDPAD_TO_VIA) - default value
	Skip add constraint (name: SMDPAD_TO_TRACE) - default value
	Skip add constraint (name: RESISTOR_TO_VIA) - default value
	Skip add constraint (name: RESISTOR_TO_TRACE) - default value
	Skip add constraint (name: RESISTOR_TO_RESISTOR) - default value
	Skip add constraint (name: RESISTOR_TO_PAD) - default value
	Skip add constraint (name: PLANE_TO_PLANE) - default value
	Skip add constraint (name: PAD_TO_VIA) - default value
	Skip add constraint (name: PAD_TO_PLANE) - default value
	Skip add constraint (name: PAD_TO_PAD) - default value
	Skip add constraint (name: MASK_TO_VIA) - default value
	Skip add constraint (name: MASK_TO_TRACE) - default value
	Skip add constraint (name: MASK_TO_RESISTOR) - default value
	Skip add constraint (name: MASK_TO_PAD) - default value
	Skip add constraint (name: VIA_TO_VIA) - default value
	Skip add constraint (name: VIA_TO_PLANE) - default value
	Skip add constraint (name: TRACE_TO_VIA) - default value
	Skip add constraint (name: TRACE_TO_TRACE) - default value
	Skip add constraint (name: TRACE_TO_PLANE) - default value
	Skip add constraint (name: TRACE_TO_PAD) - default value
	Skip add constraint (name: SMDPAD_TO_VIA) - default value
	Skip add constraint (name: SMDPAD_TO_TRACE) - default value
	Skip add constraint (name: RESISTOR_TO_VIA) - default value
	Skip add constraint (name: RESISTOR_TO_TRACE) - default value
	Skip add constraint (name: RESISTOR_TO_RESISTOR) - default value
	Skip add constraint (name: RESISTOR_TO_PAD) - default value
	Skip add constraint (name: PLANE_TO_PLANE) - default value
	Skip add constraint (name: PAD_TO_VIA) - default value
	Skip add constraint (name: PAD_TO_PLANE) - default value
	Skip add constraint (name: PAD_TO_PAD) - default value
	Skip add constraint (name: MASK_TO_VIA) - default value
	Skip add constraint (name: MASK_TO_TRACE) - default value
	Skip add constraint (name: MASK_TO_RESISTOR) - default value
	Skip add constraint (name: MASK_TO_PAD) - default value
Layout Template imported.
Layout template imported.