Environment Variables:

ALLUSERSPROFILE=C:\ProgramData
AMPLE_PATH=C:\modeltech_10.1b\2007.6EE\SDD_HOME\hssd\analysis\lib\qexp\mgc\userware
APPDATA=C:\Users\clim\AppData\Roaming
A_DIR=.;C:\tic3x4x\c3x4x\cgtools\include;C:\tic3x4x\c3x4x\cgtools\lib
CommonProgramFiles=C:\Program Files (x86)\Common Files
CommonProgramFiles(x86)=C:\Program Files (x86)\Common Files
CommonProgramW6432=C:\Program Files\Common Files
COMPUTERNAME=CELAB1
ComSpec=C:\Windows\system32\cmd.exe
CORE_INSTALLED=Y
CURCONFIGNAME=Schematic1
CURDESIGNNAME=Design1_Layout_Temp
CURPROJNAME=
CURPROJPATH=
CURRENT_PROJECT_PATH=H:\OstraCam_II\Schematic
C_DIR=.;C:\tic3x4x\c3x4x\cgtools\include;C:\tic3x4x\c3x4x\cgtools\lib
DRC_SITE_DIR=C:\modeltech_10.1b\2007.6EE\SDD_HOME\hssd\quietexpert\drc\standard
DRC_UMR_DIR=C:\modeltech_10.1b\2007.6EE\SDD_HOME\hssd\quietexpert\drc\umr
DX_ROOT=C:\modeltech_10.1b\2007.6EE\SDD_HOME\sim\DxSim\
ELDO_FLOW=sim
epdarglist=/PrjPath "H:\OstraCam_II\Schematic\Schematic.prj" /SnapshotName "Design1_Layout_Temp" /TopBlockName "Schematic1" /Context ExpeditionPCB
FP_NO_HOST_CHECK=NO
GW2ODB_DIR=C:\Valor\GW2ODB
HOMEDRIVE=X:
HOMEPATH=\
HOMESHARE=\\smbdc\clim
LM_LICENSE_FILE=C:\ispLEVER_Classic1_7\license\license.dat;C:\ispLEVER_Classic\license\license.dat;1717@license.ece.ucsb.edu
LOCALAPPDATA=C:\Users\clim\AppData\Local
LOGONSERVER=\\SMBDC
LSC_INI_PATH=C:\lsc_env
MGC_HOME=C:/modeltech_10.1b/2007.6EE/MGC_HOME.ixn
MGC_HOMEBS=C:\modeltech_10.1b\2007.6EE\MGC_HOME.ixn
MGC_PCB_FILE_PATH_FOR_ICDB_DESIGN=H:\OstraCam_II\Schematic\PCB\Design1.pcb
MGLS_LICENSE_FILE=1717@license.ece.ucsb.edu
NUMBER_OF_PROCESSORS=4
OrcadFA_Path=C:\modeltech_10.1b\2007.6EE\SDD_HOME\wg\win32\bin
OS=Windows_NT
Path=C:\modeltech_10.1b\2007.6EE\SDD_HOME\xe\win32\lib;C:\modeltech_10.1b\2007.6EE\SDD_HOME\wg\win32\lib;C:\modeltech_10.1b\2007.6EE\SDD_HOME\wv\win32\bin;C:\ProgramData\Oracle\Java\javapath;C:\modeltech_10.1b\2007.6EE\SDD_HOME\common\win32\bin;C:\modeltech_10.1b\2007.6EE\SDD_HOME\common\win32\lib;C:\ispLEVER_Classic1_7\ispcpld\bin;C:\ispLEVER_Classic1_7\ispFPGA\bin\nt;C:\ispLEVER_Classic1_7\active-hdl\BIN;C:\Windows\system32;C:\Windows;C:\Windows\System32\Wbem;C:\Windows\System32\WindowsPowerShell\v1.0\;c:\altera\72sp3\quartus\bin;C:/modeltech_10.1b/2007.6EE/MGC_HOME.ixn/bin;C:/modeltech_10.1b/2007.6EE/MGC_HOME.ixn/lib;C:\modeltech_10.1b\2007.6EE\MGC_HOME.ixn\bin;C:\modeltech_10.1b\2007.6EE\MGC_HOME.ixn\lib;C:\tic3x4x\c3x4x\cgtools\bin;C:\Program Files\System Center Operations Manager 2007\;C:\Program Files (x86)\Flash Magic;C:\MENTOR~1\LICENS~1;
PATHEXT=.COM;.EXE;.BAT;.CMD;.VBS;.VBE;.JS;.JSE;.WSF;.WSH;.MSC
perlinterp=C:\modeltech_10.1b\2007.6EE\SDD_HOME\common\win32\perl\bin\perl
PROCESSOR_ARCHITECTURE=x86
PROCESSOR_ARCHITEW6432=AMD64
PROCESSOR_IDENTIFIER=Intel64 Family 6 Model 60 Stepping 3, GenuineIntel
PROCESSOR_LEVEL=6
PROCESSOR_REVISION=3c03
ProgramData=C:\ProgramData
ProgramFiles=C:\Program Files (x86)
ProgramFiles(x86)=C:\Program Files (x86)
ProgramW6432=C:\Program Files
PROMPT=$P$G
PSModulePath=C:\Windows\system32\WindowsPowerShell\v1.0\Modules\;C:\Program Files\Microsoft Enterprise Desktop Virtualization\WindowsPowerShell\Modules\
PUBLIC=C:\Users\Public
QUADBIN=C:\modeltech_10.1b\2007.6EE\SDD_HOME\hssd\analysis\exec\nt_4
QUADHOME=C:\modeltech_10.1b\2007.6EE\SDD_HOME\hssd\analysis
QUARTUS_ROOTDIR=c:\altera\72sp3\quartus
SDD_ADD_TO_PATH=;C:\modeltech_6_5c\2007.6EE\SDD_HOME\common\win32\lib;C:\modeltech_10.1b\2007.6EE\SDD_HOME\common\win32\lib
SDD_CES=ces
SDD_CES_BIN=C:\modeltech_10.1b\2007.6EE\SDD_HOME\ces\win32\bin
SDD_COMMON_BIN=C:\modeltech_10.1b\2007.6EE\SDD_HOME\common\win32\bin
SDD_DX=dx
SDD_DXSIM=dxsim
SDD_HOME=C:\modeltech_10.1b\2007.6EE\SDD_HOME
SDD_HSSD=hssd
SDD_ICDB=iCDB
SDD_JAVA_HOME=C:/modeltech_10.1b/2007.6EE/MGC_HOME.ixn\pkgs\icwave.ixn\jre\jre1.6.0_07\bin\javaw.exe
SDD_LM=lm
SDD_LM_BIN=C:\modeltech_10.1b\2007.6EE\SDD_HOME\lm\win32\bin
SDD_LOCAL=C:\ProgramData\mgc\2007.6EE
SDD_MGC_HOME=..\MGC_HOME.ixn
SDD_PCBIND=pcbind
SDD_PLATFORM=win32
SDD_QE=qe
SDD_RF=rf
SDD_SIM=sim
SDD_START=start
SDD_STARTBAT=start /b /wait
SDD_VERSION=2007.6EE
SDD_VIEWER_HOME=C:/modeltech_10.1b/2007.6EE/MGC_HOME.ixn\lib
SDD_VLPERL_BIN=C:\modeltech_10.1b\2007.6EE\SDD_HOME\common\win32\perl\bin
SDD_WDBSERVER_HOME=C:/modeltech_10.1b/2007.6EE/MGC_HOME.ixn\lib
SDD_WG=wg
SDD_WV=wv
SDD_XE=xe
SELPROJ=
SESSIONNAME=Console
SystemDrive=C:
SystemRoot=C:\Windows
TEMP=C:\Users\clim\AppData\Local\Temp
TMP=C:\Users\clim\AppData\Local\Temp
USERDOMAIN=ECE-NT
USERNAME=clim
USERPROFILE=C:\Users\clim
WBLOCK=Schematic1
WDESIGN=Schematic1
WDIR=c:\temp;C:\modeltech_10.1b\2007.6EE\SDD_HOME\standard
WF_CLASSPATH=C:\modeltech_10.1b\2007.6EE\SDD_HOME\common\win32\lib
windir=C:\Windows
windows_tracing_flags=3
windows_tracing_logfile=C:\BVTBin\Tests\installpackage\csilogfile.log
WSHEET=ESP8266_Main
